[debug] [2017-07-05T23:54:53.293Z] ----------------------------------------------------------------------
[debug] [2017-07-05T23:54:53.295Z] Command:      /usr/local/bin/node /usr/local/bin/firebase init functions
[debug] [2017-07-05T23:54:53.296Z] CLI Version:  3.9.1
[debug] [2017-07-05T23:54:53.296Z] Platform:     darwin
[debug] [2017-07-05T23:54:53.296Z] Node Version: v6.10.0
[debug] [2017-07-05T23:54:53.297Z] Time:         Wed Jul 05 2017 19:54:53 GMT-0400 (EDT)
[debug] [2017-07-05T23:54:53.297Z] ----------------------------------------------------------------------
[debug] 
[debug] [2017-07-05T23:54:53.305Z] > command requires scopes: ["email","openid","https://www.googleapis.com/auth/cloudplatformprojects.readonly","https://www.googleapis.com/auth/firebase"]
[debug] [2017-07-05T23:54:53.305Z] > authorizing via signed-in user
[info] 
     🔥🔥🔥🔥🔥🔥🔥🔥 🔥🔥🔥🔥 🔥🔥🔥🔥🔥🔥🔥🔥  🔥🔥🔥🔥🔥🔥🔥🔥 🔥🔥🔥🔥🔥🔥🔥🔥     🔥🔥🔥     🔥🔥🔥🔥🔥🔥  🔥🔥🔥🔥🔥🔥🔥🔥
     🔥🔥        🔥🔥  🔥🔥     🔥🔥 🔥🔥       🔥🔥     🔥🔥  🔥🔥   🔥🔥  🔥🔥       🔥🔥
     🔥🔥🔥🔥🔥🔥    🔥🔥  🔥🔥🔥🔥🔥🔥🔥🔥  🔥🔥🔥🔥🔥🔥   🔥🔥🔥🔥🔥🔥🔥🔥  🔥🔥🔥🔥🔥🔥🔥🔥🔥  🔥🔥🔥🔥🔥🔥  🔥🔥🔥🔥🔥🔥
     🔥🔥        🔥🔥  🔥🔥    🔥🔥  🔥🔥       🔥🔥     🔥🔥 🔥🔥     🔥🔥       🔥🔥 🔥🔥
     🔥🔥       🔥🔥🔥🔥 🔥🔥     🔥🔥 🔥🔥🔥🔥🔥🔥🔥🔥 🔥🔥🔥🔥🔥🔥🔥🔥  🔥🔥     🔥🔥  🔥🔥🔥🔥🔥🔥  🔥🔥🔥🔥🔥🔥🔥🔥

You're about to initialize a Firebase project in this directory:

  /Users/dks0398255/Desktop/Aloha

[info] 
=== Project Setup
[info] 
[info] First, let's associate this project directory with a Firebase project.
[info] You can create multiple project aliases by running firebase use --add, 
[info] but for now we'll just set up a default project.
[info] 
[debug] [2017-07-05T23:54:53.311Z] > refreshing access token with scopes: ["email","https://www.googleapis.com/auth/cloudplatformprojects.readonly","https://www.googleapis.com/auth/firebase","openid"]
[debug] [2017-07-05T23:54:53.312Z] >>> HTTP REQUEST POST https://www.googleapis.com/oauth2/v3/token { refresh_token: '1/VTHHrX7IJqicIo1DCoeEJv6JM7cn9yy-6Ay87GRZPbE',
  client_id: '563584335869-fgrhgmd47bqnekij5i8b5pr03ho849e6.apps.googleusercontent.com',
  client_secret: 'j9iVZfS8kkCEFUPaAeJV0sAi',
  grant_type: 'refresh_token',
  scope: 'email https://www.googleapis.com/auth/cloudplatformprojects.readonly https://www.googleapis.com/auth/firebase openid' } 
 Wed Jul 05 2017 19:54:53 GMT-0400 (EDT)
[debug] [2017-07-05T23:54:53.492Z] <<< HTTP RESPONSE 200
[debug] [2017-07-05T23:54:53.495Z] >>> HTTP REQUEST GET https://admin.firebase.com/v1/projects  
 Wed Jul 05 2017 19:54:53 GMT-0400 (EDT)
[debug] [2017-07-05T23:54:54.169Z] <<< HTTP RESPONSE 200
